# JRE version: OpenJDK Runtime Environment Temurin-21.0.7+6 (21.0.7+6) (build 21.0.7+6-LTS)
# Java VM: OpenJDK 64-Bit Server VM Temurin-21.0.7+6 (21.0.7+6-LTS, mixed mode, sharing, tiered, compressed oops, compressed class ptrs, parallel gc, windows-amd64)
GC Precious Log:
 CardTable entry size: 512
 CPUs: 12 total, 12 available
 Memory: 16163M
 Large Page Support: Disabled
 NUMA Support: Disabled
 Compressed Oops: Enabled (32-bit)
 Alignments: Space 512K, Generation 512K, Heap 2M
 Heap Min Capacity: 100M
 Heap Initial Capacity: 100M
 Heap Max Capacity: 2G
 Pre-touch: Disabled
 Parallel Workers: 10
Heap:
 PSYoungGen      total 3072K, used 2089K [0x00000000d5580000, 0x00000000d5a00000, 0x0000000100000000)
  eden space 2560K, 65% used [0x00000000d5580000,0x00000000d5723b48,0x00000000d5800000)
  from space 512K, 80% used [0x00000000d5980000,0x00000000d59e6b00,0x00000000d5a00000)
  to   space 1024K, 0% used [0x00000000d5800000,0x00000000d5800000,0x00000000d5900000)
 ParOldGen       total 419328K, used 419099K [0x0000000080000000, 0x0000000099980000, 0x00000000d5580000)
  object space 419328K, 99% used [0x0000000080000000,0x0000000099946c00,0x0000000099980000)
 Metaspace       used 64280K, committed 65728K, reserved 1114112K
  class space    used 6490K, committed 7168K, reserved 1048576K
GC Heap History (20 events):
Event: 34.571 GC heap after
{Heap after GC invocations=851 (full 3):
 PSYoungGen      total 4096K, used 1236K [0x00000000d5580000, 0x00000000d5b00000, 0x0000000100000000)
  eden space 2560K, 0% used [0x00000000d5580000,0x00000000d5580000,0x00000000d5800000)
  from space 1536K, 80% used [0x00000000d5980000,0x00000000d5ab5180,0x00000000d5b00000)
  to   space 1536K, 0% used [0x00000000d5800000,0x00000000d5800000,0x00000000d5980000)
 ParOldGen       total 410624K, used 410475K [0x0000000080000000, 0x0000000099100000, 0x00000000d5580000)
  object space 410624K, 99% used [0x0000000080000000,0x00000000990daf58,0x0000000099100000)
 Metaspace       used 63434K, committed 64832K, reserved 1114112K
  class space    used 6346K, committed 6976K, reserved 1048576K
}
Event: 34.578 GC heap before
{Heap before GC invocations=852 (full 3):
 PSYoungGen      total 4096K, used 3730K [0x00000000d5580000, 0x00000000d5b00000, 0x0000000100000000)
  eden space 2560K, 97% used [0x00000000d5580000,0x00000000d57ef7f8,0x00000000d5800000)
  from space 1536K, 80% used [0x00000000d5980000,0x00000000d5ab5180,0x00000000d5b00000)
  to   space 1536K, 0% used [0x00000000d5800000,0x00000000d5800000,0x00000000d5980000)
 ParOldGen       total 410624K, used 410557K [0x0000000080000000, 0x0000000099100000, 0x00000000d5580000)
  object space 410624K, 99% used [0x0000000080000000,0x00000000990ef4e8,0x0000000099100000)
 Metaspace       used 63460K, committed 64896K, reserved 1114112K
  class space    used 6349K, committed 6976K, reserved 1048576K
}
Event: 34.579 GC heap after
{Heap after GC invocations=852 (full 3):
 PSYoungGen      total 4096K, used 1192K [0x00000000d5580000, 0x00000000d5b00000, 0x0000000100000000)
  eden space 2560K, 0% used [0x00000000d5580000,0x00000000d5580000,0x00000000d5800000)
  from space 1536K, 77% used [0x00000000d5800000,0x00000000d592a2d8,0x00000000d5980000)
  to   space 1536K, 0% used [0x00000000d5980000,0x00000000d5980000,0x00000000d5b00000)
 ParOldGen       total 411648K, used 411511K [0x0000000080000000, 0x0000000099200000, 0x00000000d5580000)
  object space 411648K, 99% used [0x0000000080000000,0x00000000991ddd60,0x0000000099200000)
 Metaspace       used 63460K, committed 64896K, reserved 1114112K
  class space    used 6349K, committed 6976K, reserved 1048576K
}
Event: 34.585 GC heap before
{Heap before GC invocations=853 (full 3):
 PSYoungGen      total 4096K, used 3752K [0x00000000d5580000, 0x00000000d5b00000, 0x0000000100000000)
  eden space 2560K, 100% used [0x00000000d5580000,0x00000000d5800000,0x00000000d5800000)
  from space 1536K, 77% used [0x00000000d5800000,0x00000000d592a2d8,0x00000000d5980000)
  to   space 1536K, 0% used [0x00000000d5980000,0x00000000d5980000,0x00000000d5b00000)
 ParOldGen       total 412160K, used 411729K [0x0000000080000000, 0x0000000099280000, 0x00000000d5580000)
  object space 412160K, 99% used [0x0000000080000000,0x0000000099214768,0x0000000099280000)
 Metaspace       used 63486K, committed 64896K, reserved 1114112K
  class space    used 6353K, committed 6976K, reserved 1048576K
}
Event: 34.587 GC heap after
{Heap after GC invocations=853 (full 3):
 PSYoungGen      total 4096K, used 1070K [0x00000000d5580000, 0x00000000d5b00000, 0x0000000100000000)
  eden space 2560K, 0% used [0x00000000d5580000,0x00000000d5580000,0x00000000d5800000)
  from space 1536K, 69% used [0x00000000d5980000,0x00000000d5a8ba98,0x00000000d5b00000)
  to   space 1536K, 0% used [0x00000000d5800000,0x00000000d5800000,0x00000000d5980000)
 ParOldGen       total 413184K, used 412754K [0x0000000080000000, 0x0000000099380000, 0x00000000d5580000)
  object space 413184K, 99% used [0x0000000080000000,0x0000000099314b80,0x0000000099380000)
 Metaspace       used 63486K, committed 64896K, reserved 1114112K
  class space    used 6353K, committed 6976K, reserved 1048576K
}
Event: 34.594 GC heap before
{Heap before GC invocations=854 (full 3):
 PSYoungGen      total 4096K, used 3594K [0x00000000d5580000, 0x00000000d5b00000, 0x0000000100000000)
  eden space 2560K, 98% used [0x00000000d5580000,0x00000000d57f6d88,0x00000000d5800000)
  from space 1536K, 69% used [0x00000000d5980000,0x00000000d5a8ba98,0x00000000d5b00000)
  to   space 1536K, 0% used [0x00000000d5800000,0x00000000d5800000,0x00000000d5980000)
 ParOldGen       total 413184K, used 412754K [0x0000000080000000, 0x0000000099380000, 0x00000000d5580000)
  object space 413184K, 99% used [0x0000000080000000,0x0000000099314b80,0x0000000099380000)
 Metaspace       used 63528K, committed 64960K, reserved 1114112K
  class space    used 6361K, committed 7040K, reserved 1048576K
}
Event: 34.596 GC heap after
{Heap after GC invocations=854 (full 3):
 PSYoungGen      total 4096K, used 1050K [0x00000000d5580000, 0x00000000d5b00000, 0x0000000100000000)
  eden space 2560K, 0% used [0x00000000d5580000,0x00000000d5580000,0x00000000d5800000)
  from space 1536K, 68% used [0x00000000d5800000,0x00000000d5906ac0,0x00000000d5980000)
  to   space 1536K, 0% used [0x00000000d5980000,0x00000000d5980000,0x00000000d5b00000)
 ParOldGen       total 414208K, used 413741K [0x0000000080000000, 0x0000000099480000, 0x00000000d5580000)
  object space 414208K, 99% used [0x0000000080000000,0x000000009940b478,0x0000000099480000)
 Metaspace       used 63528K, committed 64960K, reserved 1114112K
  class space    used 6361K, committed 7040K, reserved 1048576K
}
Event: 34.601 GC heap before
{Heap before GC invocations=855 (full 3):
 PSYoungGen      total 4096K, used 3610K [0x00000000d5580000, 0x00000000d5b00000, 0x0000000100000000)
  eden space 2560K, 100% used [0x00000000d5580000,0x00000000d5800000,0x00000000d5800000)
  from space 1536K, 68% used [0x00000000d5800000,0x00000000d5906ac0,0x00000000d5980000)
  to   space 1536K, 0% used [0x00000000d5980000,0x00000000d5980000,0x00000000d5b00000)
 ParOldGen       total 414208K, used 413741K [0x0000000080000000, 0x0000000099480000, 0x00000000d5580000)
  object space 414208K, 99% used [0x0000000080000000,0x000000009940b478,0x0000000099480000)
 Metaspace       used 63541K, committed 65024K, reserved 1114112K
  class space    used 6363K, committed 7040K, reserved 1048576K
}
Event: 34.603 GC heap after
{Heap after GC invocations=855 (full 3):
 PSYoungGen      total 4096K, used 1159K [0x00000000d5580000, 0x00000000d5b00000, 0x0000000100000000)
  eden space 2560K, 0% used [0x00000000d5580000,0x00000000d5580000,0x00000000d5800000)
  from space 1536K, 75% used [0x00000000d5980000,0x00000000d5aa1c80,0x00000000d5b00000)
  to   space 1536K, 0% used [0x00000000d5800000,0x00000000d5800000,0x00000000d5980000)
 ParOldGen       total 414720K, used 414630K [0x0000000080000000, 0x0000000099500000, 0x00000000d5580000)
  object space 414720K, 99% used [0x0000000080000000,0x00000000994e99c0,0x0000000099500000)
 Metaspace       used 63541K, committed 65024K, reserved 1114112K
  class space    used 6363K, committed 7040K, reserved 1048576K
}
Event: 34.609 GC heap before
{Heap before GC invocations=856 (full 3):
 PSYoungGen      total 4096K, used 3719K [0x00000000d5580000, 0x00000000d5b00000, 0x0000000100000000)
  eden space 2560K, 100% used [0x00000000d5580000,0x00000000d5800000,0x00000000d5800000)
  from space 1536K, 75% used [0x00000000d5980000,0x00000000d5aa1c80,0x00000000d5b00000)
  to   space 1536K, 0% used [0x00000000d5800000,0x00000000d5800000,0x00000000d5980000)
 ParOldGen       total 414720K, used 414630K [0x0000000080000000, 0x0000000099500000, 0x00000000d5580000)
  object space 414720K, 99% used [0x0000000080000000,0x00000000994e99c0,0x0000000099500000)
 Metaspace       used 63566K, committed 65024K, reserved 1114112K
  class space    used 6368K, committed 7040K, reserved 1048576K
}
Event: 34.611 GC heap after
{Heap after GC invocations=856 (full 3):
 PSYoungGen      total 4096K, used 1108K [0x00000000d5580000, 0x00000000d5b00000, 0x0000000100000000)
  eden space 2560K, 0% used [0x00000000d5580000,0x00000000d5580000,0x00000000d5800000)
  from space 1536K, 72% used [0x00000000d5800000,0x00000000d59151f0,0x00000000d5980000)
  to   space 1536K, 0% used [0x00000000d5980000,0x00000000d5980000,0x00000000d5b00000)
 ParOldGen       total 415744K, used 415606K [0x0000000080000000, 0x0000000099600000, 0x00000000d5580000)
  object space 415744K, 99% used [0x0000000080000000,0x00000000995dda00,0x0000000099600000)
 Metaspace       used 63566K, committed 65024K, reserved 1114112K
  class space    used 6368K, committed 7040K, reserved 1048576K
}
Event: 34.616 GC heap before
{Heap before GC invocations=857 (full 3):
 PSYoungGen      total 4096K, used 3668K [0x00000000d5580000, 0x00000000d5b00000, 0x0000000100000000)
  eden space 2560K, 100% used [0x00000000d5580000,0x00000000d5800000,0x00000000d5800000)
  from space 1536K, 72% used [0x00000000d5800000,0x00000000d59151f0,0x00000000d5980000)
  to   space 1536K, 0% used [0x00000000d5980000,0x00000000d5980000,0x00000000d5b00000)
 ParOldGen       total 415744K, used 415606K [0x0000000080000000, 0x0000000099600000, 0x00000000d5580000)
  object space 415744K, 99% used [0x0000000080000000,0x00000000995dda00,0x0000000099600000)
 Metaspace       used 63597K, committed 65024K, reserved 1114112K
  class space    used 6374K, committed 7040K, reserved 1048576K
}
Event: 34.618 GC heap after
{Heap after GC invocations=857 (full 3):
 PSYoungGen      total 3584K, used 672K [0x00000000d5580000, 0x00000000d5a80000, 0x0000000100000000)
  eden space 2560K, 0% used [0x00000000d5580000,0x00000000d5580000,0x00000000d5800000)
  from space 1024K, 65% used [0x00000000d5980000,0x00000000d5a28000,0x00000000d5a80000)
  to   space 1024K, 0% used [0x00000000d5880000,0x00000000d5880000,0x00000000d5980000)
 ParOldGen       total 416768K, used 416525K [0x0000000080000000, 0x0000000099700000, 0x00000000d5580000)
  object space 416768K, 99% used [0x0000000080000000,0x00000000996c34a8,0x0000000099700000)
 Metaspace       used 63597K, committed 65024K, reserved 1114112K
  class space    used 6374K, committed 7040K, reserved 1048576K
}
Event: 34.626 GC heap before
{Heap before GC invocations=858 (full 3):
 PSYoungGen      total 3584K, used 3232K [0x00000000d5580000, 0x00000000d5a80000, 0x0000000100000000)
  eden space 2560K, 100% used [0x00000000d5580000,0x00000000d5800000,0x00000000d5800000)
  from space 1024K, 65% used [0x00000000d5980000,0x00000000d5a28000,0x00000000d5a80000)
  to   space 1024K, 0% used [0x00000000d5880000,0x00000000d5880000,0x00000000d5980000)
 ParOldGen       total 416768K, used 416525K [0x0000000080000000, 0x0000000099700000, 0x00000000d5580000)
  object space 416768K, 99% used [0x0000000080000000,0x00000000996c34a8,0x0000000099700000)
 Metaspace       used 63644K, committed 65088K, reserved 1114112K
  class space    used 6383K, committed 7040K, reserved 1048576K
}
Event: 34.628 GC heap after
{Heap after GC invocations=858 (full 3):
 PSYoungGen      total 3584K, used 895K [0x00000000d5580000, 0x00000000d5a00000, 0x0000000100000000)
  eden space 2560K, 0% used [0x00000000d5580000,0x00000000d5580000,0x00000000d5800000)
  from space 1024K, 87% used [0x00000000d5880000,0x00000000d595fc48,0x00000000d5980000)
  to   space 512K, 0% used [0x00000000d5980000,0x00000000d5980000,0x00000000d5a00000)
 ParOldGen       total 417280K, used 417089K [0x0000000080000000, 0x0000000099780000, 0x00000000d5580000)
  object space 417280K, 99% used [0x0000000080000000,0x00000000997506e0,0x0000000099780000)
 Metaspace       used 63644K, committed 65088K, reserved 1114112K
  class space    used 6383K, committed 7040K, reserved 1048576K
}
Event: 34.650 GC heap before
{Heap before GC invocations=859 (full 3):
 PSYoungGen      total 3584K, used 3455K [0x00000000d5580000, 0x00000000d5a00000, 0x0000000100000000)
  eden space 2560K, 100% used [0x00000000d5580000,0x00000000d5800000,0x00000000d5800000)
  from space 1024K, 87% used [0x00000000d5880000,0x00000000d595fc48,0x00000000d5980000)
  to   space 512K, 0% used [0x00000000d5980000,0x00000000d5980000,0x00000000d5a00000)
 ParOldGen       total 417280K, used 417089K [0x0000000080000000, 0x0000000099780000, 0x00000000d5580000)
  object space 417280K, 99% used [0x0000000080000000,0x00000000997506e0,0x0000000099780000)
 Metaspace       used 63762K, committed 65216K, reserved 1114112K
  class space    used 6396K, committed 7040K, reserved 1048576K
}
Event: 34.651 GC heap after
{Heap after GC invocations=859 (full 3):
 PSYoungGen      total 3072K, used 509K [0x00000000d5580000, 0x00000000d5a00000, 0x0000000100000000)
  eden space 2560K, 0% used [0x00000000d5580000,0x00000000d5580000,0x00000000d5800000)
  from space 512K, 99% used [0x00000000d5980000,0x00000000d59ff598,0x00000000d5a00000)
  to   space 1024K, 0% used [0x00000000d5880000,0x00000000d5880000,0x00000000d5980000)
 ParOldGen       total 418304K, used 418184K [0x0000000080000000, 0x0000000099880000, 0x00000000d5580000)
  object space 418304K, 99% used [0x0000000080000000,0x00000000998622b0,0x0000000099880000)
 Metaspace       used 63762K, committed 65216K, reserved 1114112K
  class space    used 6396K, committed 7040K, reserved 1048576K
}
Event: 34.676 GC heap before
{Heap before GC invocations=860 (full 3):
 PSYoungGen      total 3072K, used 3069K [0x00000000d5580000, 0x00000000d5a00000, 0x0000000100000000)
  eden space 2560K, 99% used [0x00000000d5580000,0x00000000d57ffff8,0x00000000d5800000)
  from space 512K, 99% used [0x00000000d5980000,0x00000000d59ff598,0x00000000d5a00000)
  to   space 1024K, 0% used [0x00000000d5880000,0x00000000d5880000,0x00000000d5980000)
 ParOldGen       total 418304K, used 418184K [0x0000000080000000, 0x0000000099880000, 0x00000000d5580000)
  object space 418304K, 99% used [0x0000000080000000,0x00000000998622b0,0x0000000099880000)
 Metaspace       used 63915K, committed 65344K, reserved 1114112K
  class space    used 6431K, committed 7104K, reserved 1048576K
}
Event: 34.678 GC heap after
{Heap after GC invocations=860 (full 3):
 PSYoungGen      total 3584K, used 1008K [0x00000000d5580000, 0x00000000d5a00000, 0x0000000100000000)
  eden space 2560K, 0% used [0x00000000d5580000,0x00000000d5580000,0x00000000d5800000)
  from space 1024K, 98% used [0x00000000d5880000,0x00000000d597c020,0x00000000d5980000)
  to   space 512K, 0% used [0x00000000d5980000,0x00000000d5980000,0x00000000d5a00000)
 ParOldGen       total 418816K, used 418530K [0x0000000080000000, 0x0000000099900000, 0x00000000d5580000)
  object space 418816K, 99% used [0x0000000080000000,0x00000000998b8bf0,0x0000000099900000)
 Metaspace       used 63915K, committed 65344K, reserved 1114112K
  class space    used 6431K, committed 7104K, reserved 1048576K
}
Event: 34.771 GC heap before
{Heap before GC invocations=861 (full 3):
 PSYoungGen      total 3584K, used 3568K [0x00000000d5580000, 0x00000000d5a00000, 0x0000000100000000)
  eden space 2560K, 100% used [0x00000000d5580000,0x00000000d5800000,0x00000000d5800000)
  from space 1024K, 98% used [0x00000000d5880000,0x00000000d597c020,0x00000000d5980000)
  to   space 512K, 0% used [0x00000000d5980000,0x00000000d5980000,0x00000000d5a00000)
 ParOldGen       total 418816K, used 418530K [0x0000000080000000, 0x0000000099900000, 0x00000000d5580000)
  object space 418816K, 99% used [0x0000000080000000,0x00000000998b8bf0,0x0000000099900000)
 Metaspace       used 64153K, committed 65536K, reserved 1114112K
  class space    used 6461K, committed 7104K, reserved 1048576K
}

