# JRE version: OpenJDK Runtime Environment Temurin-21.0.7+6 (21.0.7+6) (build 21.0.7+6-LTS)
# Java VM: OpenJDK 64-Bit Server VM Temurin-21.0.7+6 (21.0.7+6-LTS, mixed mode, sharing, tiered, compressed oops, compressed class ptrs, parallel gc, windows-amd64)
GC Precious Log:
 CardTable entry size: 512
 CPUs: 12 total, 12 available
 Memory: 16163M
 Large Page Support: Disabled
 NUMA Support: Disabled
 Compressed Oops: Enabled (32-bit)
 Alignments: Space 512K, Generation 512K, Heap 2M
 Heap Min Capacity: 100M
 Heap Initial Capacity: 100M
 Heap Max Capacity: 2G
 Pre-touch: Disabled
 Parallel Workers: 10
Heap:
 PSYoungGen      total 2048K, used 883K [0x00000000d5580000, 0x00000000d5800000, 0x0000000100000000)
  eden space 1024K, 50% used [0x00000000d5580000,0x00000000d5601620,0x00000000d5680000)
  from space 1024K, 35% used [0x00000000d5680000,0x00000000d56db610,0x00000000d5780000)
  to   space 512K, 0% used [0x00000000d5780000,0x00000000d5780000,0x00000000d5800000)
 ParOldGen       total 783360K, used 782953K [0x0000000080000000, 0x00000000afd00000, 0x00000000d5580000)
  object space 783360K, 99% used [0x0000000080000000,0x00000000afc9a4b8,0x00000000afd00000)
 Metaspace       used 75116K, committed 76608K, reserved 1179648K
  class space    used 7941K, committed 8640K, reserved 1048576K
GC Heap History (20 events):
Event: 135.950 GC heap before
{Heap before GC invocations=3538 (full 5):
 PSYoungGen      total 2048K, used 1667K [0x00000000d5580000, 0x00000000d5880000, 0x0000000100000000)
  eden space 1024K, 100% used [0x00000000d5580000,0x00000000d5680000,0x00000000d5680000)
  from space 1024K, 62% used [0x00000000d5700000,0x00000000d57a0dc0,0x00000000d5800000)
  to   space 512K, 0% used [0x00000000d5800000,0x00000000d5800000,0x00000000d5880000)
 ParOldGen       total 777728K, used 777540K [0x0000000080000000, 0x00000000af780000, 0x00000000d5580000)
  object space 777728K, 99% used [0x0000000080000000,0x00000000af7510a0,0x00000000af780000)
 Metaspace       used 75112K, committed 76608K, reserved 1179648K
  class space    used 7941K, committed 8640K, reserved 1048576K
}
Event: 135.952 GC heap after
{Heap after GC invocations=3538 (full 5):
 PSYoungGen      total 1536K, used 480K [0x00000000d5580000, 0x00000000d5880000, 0x0000000100000000)
  eden space 1024K, 0% used [0x00000000d5580000,0x00000000d5580000,0x00000000d5680000)
  from space 512K, 93% used [0x00000000d5800000,0x00000000d5878000,0x00000000d5880000)
  to   space 1024K, 0% used [0x00000000d5680000,0x00000000d5680000,0x00000000d5780000)
 ParOldGen       total 778240K, used 777999K [0x0000000080000000, 0x00000000af800000, 0x00000000d5580000)
  object space 778240K, 99% used [0x0000000080000000,0x00000000af7c3dd8,0x00000000af800000)
 Metaspace       used 75112K, committed 76608K, reserved 1179648K
  class space    used 7941K, committed 8640K, reserved 1048576K
}
Event: 135.963 GC heap before
{Heap before GC invocations=3539 (full 5):
 PSYoungGen      total 1536K, used 1503K [0x00000000d5580000, 0x00000000d5880000, 0x0000000100000000)
  eden space 1024K, 99% used [0x00000000d5580000,0x00000000d567ffd8,0x00000000d5680000)
  from space 512K, 93% used [0x00000000d5800000,0x00000000d5878000,0x00000000d5880000)
  to   space 1024K, 0% used [0x00000000d5680000,0x00000000d5680000,0x00000000d5780000)
 ParOldGen       total 778240K, used 777999K [0x0000000080000000, 0x00000000af800000, 0x00000000d5580000)
  object space 778240K, 99% used [0x0000000080000000,0x00000000af7c3dd8,0x00000000af800000)
 Metaspace       used 75113K, committed 76608K, reserved 1179648K
  class space    used 7941K, committed 8640K, reserved 1048576K
}
Event: 135.965 GC heap after
{Heap after GC invocations=3539 (full 5):
 PSYoungGen      total 2048K, used 547K [0x00000000d5580000, 0x00000000d5880000, 0x0000000100000000)
  eden space 1024K, 0% used [0x00000000d5580000,0x00000000d5580000,0x00000000d5680000)
  from space 1024K, 53% used [0x00000000d5680000,0x00000000d5708f18,0x00000000d5780000)
  to   space 1024K, 0% used [0x00000000d5780000,0x00000000d5780000,0x00000000d5880000)
 ParOldGen       total 778752K, used 778323K [0x0000000080000000, 0x00000000af880000, 0x00000000d5580000)
  object space 778752K, 99% used [0x0000000080000000,0x00000000af814d18,0x00000000af880000)
 Metaspace       used 75113K, committed 76608K, reserved 1179648K
  class space    used 7941K, committed 8640K, reserved 1048576K
}
Event: 135.975 GC heap before
{Heap before GC invocations=3540 (full 5):
 PSYoungGen      total 2048K, used 1571K [0x00000000d5580000, 0x00000000d5880000, 0x0000000100000000)
  eden space 1024K, 99% used [0x00000000d5580000,0x00000000d567ffb8,0x00000000d5680000)
  from space 1024K, 53% used [0x00000000d5680000,0x00000000d5708f18,0x00000000d5780000)
  to   space 1024K, 0% used [0x00000000d5780000,0x00000000d5780000,0x00000000d5880000)
 ParOldGen       total 778752K, used 778323K [0x0000000080000000, 0x00000000af880000, 0x00000000d5580000)
  object space 778752K, 99% used [0x0000000080000000,0x00000000af814d18,0x00000000af880000)
 Metaspace       used 75113K, committed 76608K, reserved 1179648K
  class space    used 7941K, committed 8640K, reserved 1048576K
}
Event: 135.977 GC heap after
{Heap after GC invocations=3540 (full 5):
 PSYoungGen      total 2048K, used 738K [0x00000000d5580000, 0x00000000d5880000, 0x0000000100000000)
  eden space 1024K, 0% used [0x00000000d5580000,0x00000000d5580000,0x00000000d5680000)
  from space 1024K, 72% used [0x00000000d5780000,0x00000000d58388f0,0x00000000d5880000)
  to   space 1024K, 0% used [0x00000000d5680000,0x00000000d5680000,0x00000000d5780000)
 ParOldGen       total 778752K, used 778703K [0x0000000080000000, 0x00000000af880000, 0x00000000d5580000)
  object space 778752K, 99% used [0x0000000080000000,0x00000000af873c60,0x00000000af880000)
 Metaspace       used 75113K, committed 76608K, reserved 1179648K
  class space    used 7941K, committed 8640K, reserved 1048576K
}
Event: 135.986 GC heap before
{Heap before GC invocations=3541 (full 5):
 PSYoungGen      total 2048K, used 1762K [0x00000000d5580000, 0x00000000d5880000, 0x0000000100000000)
  eden space 1024K, 100% used [0x00000000d5580000,0x00000000d5680000,0x00000000d5680000)
  from space 1024K, 72% used [0x00000000d5780000,0x00000000d58388f0,0x00000000d5880000)
  to   space 1024K, 0% used [0x00000000d5680000,0x00000000d5680000,0x00000000d5780000)
 ParOldGen       total 778752K, used 778703K [0x0000000080000000, 0x00000000af880000, 0x00000000d5580000)
  object space 778752K, 99% used [0x0000000080000000,0x00000000af873c60,0x00000000af880000)
 Metaspace       used 75113K, committed 76608K, reserved 1179648K
  class space    used 7941K, committed 8640K, reserved 1048576K
}
Event: 135.988 GC heap after
{Heap after GC invocations=3541 (full 5):
 PSYoungGen      total 2048K, used 544K [0x00000000d5580000, 0x00000000d5880000, 0x0000000100000000)
  eden space 1024K, 0% used [0x00000000d5580000,0x00000000d5580000,0x00000000d5680000)
  from space 1024K, 53% used [0x00000000d5680000,0x00000000d5708000,0x00000000d5780000)
  to   space 1024K, 0% used [0x00000000d5780000,0x00000000d5780000,0x00000000d5880000)
 ParOldGen       total 779776K, used 779294K [0x0000000080000000, 0x00000000af980000, 0x00000000d5580000)
  object space 779776K, 99% used [0x0000000080000000,0x00000000af9079e0,0x00000000af980000)
 Metaspace       used 75113K, committed 76608K, reserved 1179648K
  class space    used 7941K, committed 8640K, reserved 1048576K
}
Event: 135.994 GC heap before
{Heap before GC invocations=3542 (full 5):
 PSYoungGen      total 2048K, used 1567K [0x00000000d5580000, 0x00000000d5880000, 0x0000000100000000)
  eden space 1024K, 99% used [0x00000000d5580000,0x00000000d567fff8,0x00000000d5680000)
  from space 1024K, 53% used [0x00000000d5680000,0x00000000d5708000,0x00000000d5780000)
  to   space 1024K, 0% used [0x00000000d5780000,0x00000000d5780000,0x00000000d5880000)
 ParOldGen       total 779776K, used 779294K [0x0000000080000000, 0x00000000af980000, 0x00000000d5580000)
  object space 779776K, 99% used [0x0000000080000000,0x00000000af9079e0,0x00000000af980000)
 Metaspace       used 75113K, committed 76608K, reserved 1179648K
  class space    used 7941K, committed 8640K, reserved 1048576K
}
Event: 135.996 GC heap after
{Heap after GC invocations=3542 (full 5):
 PSYoungGen      total 2048K, used 708K [0x00000000d5580000, 0x00000000d5880000, 0x0000000100000000)
  eden space 1024K, 0% used [0x00000000d5580000,0x00000000d5580000,0x00000000d5680000)
  from space 1024K, 69% used [0x00000000d5780000,0x00000000d5831228,0x00000000d5880000)
  to   space 1024K, 0% used [0x00000000d5680000,0x00000000d5680000,0x00000000d5780000)
 ParOldGen       total 779776K, used 779715K [0x0000000080000000, 0x00000000af980000, 0x00000000d5580000)
  object space 779776K, 99% used [0x0000000080000000,0x00000000af970f60,0x00000000af980000)
 Metaspace       used 75113K, committed 76608K, reserved 1179648K
  class space    used 7941K, committed 8640K, reserved 1048576K
}
Event: 136.005 GC heap before
{Heap before GC invocations=3543 (full 5):
 PSYoungGen      total 2048K, used 1732K [0x00000000d5580000, 0x00000000d5880000, 0x0000000100000000)
  eden space 1024K, 100% used [0x00000000d5580000,0x00000000d5680000,0x00000000d5680000)
  from space 1024K, 69% used [0x00000000d5780000,0x00000000d5831228,0x00000000d5880000)
  to   space 1024K, 0% used [0x00000000d5680000,0x00000000d5680000,0x00000000d5780000)
 ParOldGen       total 779776K, used 779715K [0x0000000080000000, 0x00000000af980000, 0x00000000d5580000)
  object space 779776K, 99% used [0x0000000080000000,0x00000000af970f60,0x00000000af980000)
 Metaspace       used 75113K, committed 76608K, reserved 1179648K
  class space    used 7941K, committed 8640K, reserved 1048576K
}
Event: 136.007 GC heap after
{Heap after GC invocations=3543 (full 5):
 PSYoungGen      total 2048K, used 644K [0x00000000d5580000, 0x00000000d5880000, 0x0000000100000000)
  eden space 1024K, 0% used [0x00000000d5580000,0x00000000d5580000,0x00000000d5680000)
  from space 1024K, 62% used [0x00000000d5680000,0x00000000d57210c8,0x00000000d5780000)
  to   space 1024K, 0% used [0x00000000d5780000,0x00000000d5780000,0x00000000d5880000)
 ParOldGen       total 780800K, used 780321K [0x0000000080000000, 0x00000000afa80000, 0x00000000d5580000)
  object space 780800K, 99% used [0x0000000080000000,0x00000000afa08678,0x00000000afa80000)
 Metaspace       used 75113K, committed 76608K, reserved 1179648K
  class space    used 7941K, committed 8640K, reserved 1048576K
}
Event: 136.019 GC heap before
{Heap before GC invocations=3544 (full 5):
 PSYoungGen      total 2048K, used 1668K [0x00000000d5580000, 0x00000000d5880000, 0x0000000100000000)
  eden space 1024K, 100% used [0x00000000d5580000,0x00000000d5680000,0x00000000d5680000)
  from space 1024K, 62% used [0x00000000d5680000,0x00000000d57210c8,0x00000000d5780000)
  to   space 1024K, 0% used [0x00000000d5780000,0x00000000d5780000,0x00000000d5880000)
 ParOldGen       total 780800K, used 780321K [0x0000000080000000, 0x00000000afa80000, 0x00000000d5580000)
  object space 780800K, 99% used [0x0000000080000000,0x00000000afa08678,0x00000000afa80000)
 Metaspace       used 75113K, committed 76608K, reserved 1179648K
  class space    used 7941K, committed 8640K, reserved 1048576K
}
Event: 136.022 GC heap after
{Heap after GC invocations=3544 (full 5):
 PSYoungGen      total 2048K, used 690K [0x00000000d5580000, 0x00000000d5880000, 0x0000000100000000)
  eden space 1024K, 0% used [0x00000000d5580000,0x00000000d5580000,0x00000000d5680000)
  from space 1024K, 67% used [0x00000000d5780000,0x00000000d582c830,0x00000000d5880000)
  to   space 1024K, 0% used [0x00000000d5680000,0x00000000d5680000,0x00000000d5780000)
 ParOldGen       total 781312K, used 780859K [0x0000000080000000, 0x00000000afb00000, 0x00000000d5580000)
  object space 781312K, 99% used [0x0000000080000000,0x00000000afa8ee68,0x00000000afb00000)
 Metaspace       used 75113K, committed 76608K, reserved 1179648K
  class space    used 7941K, committed 8640K, reserved 1048576K
}
Event: 136.030 GC heap before
{Heap before GC invocations=3545 (full 5):
 PSYoungGen      total 2048K, used 1689K [0x00000000d5580000, 0x00000000d5880000, 0x0000000100000000)
  eden space 1024K, 97% used [0x00000000d5580000,0x00000000d5679e40,0x00000000d5680000)
  from space 1024K, 67% used [0x00000000d5780000,0x00000000d582c830,0x00000000d5880000)
  to   space 1024K, 0% used [0x00000000d5680000,0x00000000d5680000,0x00000000d5780000)
 ParOldGen       total 781312K, used 780859K [0x0000000080000000, 0x00000000afb00000, 0x00000000d5580000)
  object space 781312K, 99% used [0x0000000080000000,0x00000000afa8ee68,0x00000000afb00000)
 Metaspace       used 75113K, committed 76608K, reserved 1179648K
  class space    used 7941K, committed 8640K, reserved 1048576K
}
Event: 136.032 GC heap after
{Heap after GC invocations=3545 (full 5):
 PSYoungGen      total 2048K, used 614K [0x00000000d5580000, 0x00000000d5880000, 0x0000000100000000)
  eden space 1024K, 0% used [0x00000000d5580000,0x00000000d5580000,0x00000000d5680000)
  from space 1024K, 60% used [0x00000000d5680000,0x00000000d5719be8,0x00000000d5780000)
  to   space 1024K, 0% used [0x00000000d5780000,0x00000000d5780000,0x00000000d5880000)
 ParOldGen       total 781824K, used 781422K [0x0000000080000000, 0x00000000afb80000, 0x00000000d5580000)
  object space 781824K, 99% used [0x0000000080000000,0x00000000afb1ba08,0x00000000afb80000)
 Metaspace       used 75113K, committed 76608K, reserved 1179648K
  class space    used 7941K, committed 8640K, reserved 1048576K
}
Event: 136.042 GC heap before
{Heap before GC invocations=3546 (full 5):
 PSYoungGen      total 2048K, used 1638K [0x00000000d5580000, 0x00000000d5880000, 0x0000000100000000)
  eden space 1024K, 100% used [0x00000000d5580000,0x00000000d5680000,0x00000000d5680000)
  from space 1024K, 60% used [0x00000000d5680000,0x00000000d5719be8,0x00000000d5780000)
  to   space 1024K, 0% used [0x00000000d5780000,0x00000000d5780000,0x00000000d5880000)
 ParOldGen       total 781824K, used 781422K [0x0000000080000000, 0x00000000afb80000, 0x00000000d5580000)
  object space 781824K, 99% used [0x0000000080000000,0x00000000afb1ba08,0x00000000afb80000)
 Metaspace       used 75114K, committed 76608K, reserved 1179648K
  class space    used 7941K, committed 8640K, reserved 1048576K
}
Event: 136.044 GC heap after
{Heap after GC invocations=3546 (full 5):
 PSYoungGen      total 2048K, used 604K [0x00000000d5580000, 0x00000000d5880000, 0x0000000100000000)
  eden space 1024K, 0% used [0x00000000d5580000,0x00000000d5580000,0x00000000d5680000)
  from space 1024K, 59% used [0x00000000d5780000,0x00000000d58170f0,0x00000000d5880000)
  to   space 1024K, 0% used [0x00000000d5680000,0x00000000d5680000,0x00000000d5780000)
 ParOldGen       total 782336K, used 781915K [0x0000000080000000, 0x00000000afc00000, 0x00000000d5580000)
  object space 782336K, 99% used [0x0000000080000000,0x00000000afb96c20,0x00000000afc00000)
 Metaspace       used 75114K, committed 76608K, reserved 1179648K
  class space    used 7941K, committed 8640K, reserved 1048576K
}
Event: 136.057 GC heap before
{Heap before GC invocations=3547 (full 5):
 PSYoungGen      total 2048K, used 1628K [0x00000000d5580000, 0x00000000d5880000, 0x0000000100000000)
  eden space 1024K, 100% used [0x00000000d5580000,0x00000000d5680000,0x00000000d5680000)
  from space 1024K, 59% used [0x00000000d5780000,0x00000000d58170f0,0x00000000d5880000)
  to   space 1024K, 0% used [0x00000000d5680000,0x00000000d5680000,0x00000000d5780000)
 ParOldGen       total 782336K, used 781915K [0x0000000080000000, 0x00000000afc00000, 0x00000000d5580000)
  object space 782336K, 99% used [0x0000000080000000,0x00000000afb96c20,0x00000000afc00000)
 Metaspace       used 75114K, committed 76608K, reserved 1179648K
  class space    used 7941K, committed 8640K, reserved 1048576K
}
Event: 136.059 GC heap after
{Heap after GC invocations=3547 (full 5):
 PSYoungGen      total 2048K, used 448K [0x00000000d5580000, 0x00000000d5800000, 0x0000000100000000)
  eden space 1024K, 0% used [0x00000000d5580000,0x00000000d5580000,0x00000000d5680000)
  from space 1024K, 43% used [0x00000000d5680000,0x00000000d56f0000,0x00000000d5780000)
  to   space 512K, 0% used [0x00000000d5780000,0x00000000d5780000,0x00000000d5800000)
 ParOldGen       total 782848K, used 782416K [0x0000000080000000, 0x00000000afc80000, 0x00000000d5580000)
  object space 782848K, 99% used [0x0000000080000000,0x00000000afc14088,0x00000000afc80000)
 Metaspace       used 75114K, committed 76608K, reserved 1179648K
  class space    used 7941K, committed 8640K, reserved 1048576K
}

