# JRE version: OpenJDK Runtime Environment Temurin-21.0.7+6 (21.0.7+6) (build 21.0.7+6-LTS)
# Java VM: OpenJDK 64-Bit Server VM Temurin-21.0.7+6 (21.0.7+6-LTS, mixed mode, sharing, tiered, compressed oops, compressed class ptrs, parallel gc, windows-amd64)
GC Precious Log:
 CardTable entry size: 512
 CPUs: 12 total, 12 available
 Memory: 16163M
 Large Page Support: Disabled
 NUMA Support: Disabled
 Compressed Oops: Enabled (32-bit)
 Alignments: Space 512K, Generation 512K, Heap 2M
 Heap Min Capacity: 100M
 Heap Initial Capacity: 100M
 Heap Max Capacity: 2G
 Pre-touch: Disabled
 Parallel Workers: 10
Heap:
 PSYoungGen      total 4608K, used 3309K [0x00000000d5580000, 0x00000000d5c80000, 0x0000000100000000)
  eden space 3072K, 59% used [0x00000000d5580000,0x00000000d57476f0,0x00000000d5880000)
  from space 1536K, 96% used [0x00000000d5880000,0x00000000d59f4000,0x00000000d5a00000)
  to   space 2048K, 0% used [0x00000000d5a80000,0x00000000d5a80000,0x00000000d5c80000)
 ParOldGen       total 451584K, used 451438K [0x0000000080000000, 0x000000009b900000, 0x00000000d5580000)
  object space 451584K, 99% used [0x0000000080000000,0x000000009b8dba00,0x000000009b900000)
 Metaspace       used 73370K, committed 74816K, reserved 1179648K
  class space    used 7804K, committed 8448K, reserved 1048576K
GC Heap History (20 events):
Event: 41.995 GC heap before
{Heap before GC invocations=639 (full 3):
 PSYoungGen      total 6656K, used 6208K [0x00000000d5580000, 0x00000000d5d00000, 0x0000000100000000)
  eden space 5632K, 100% used [0x00000000d5580000,0x00000000d5b00000,0x00000000d5b00000)
  from space 1024K, 56% used [0x00000000d5b00000,0x00000000d5b90000,0x00000000d5c00000)
  to   space 1024K, 0% used [0x00000000d5c00000,0x00000000d5c00000,0x00000000d5d00000)
 ParOldGen       total 443904K, used 443476K [0x0000000080000000, 0x000000009b180000, 0x00000000d5580000)
  object space 443904K, 99% used [0x0000000080000000,0x000000009b1151a8,0x000000009b180000)
 Metaspace       used 72509K, committed 73984K, reserved 1179648K
  class space    used 7698K, committed 8384K, reserved 1048576K
}
Event: 41.997 GC heap after
{Heap after GC invocations=639 (full 3):
 PSYoungGen      total 6656K, used 808K [0x00000000d5580000, 0x00000000d5d00000, 0x0000000100000000)
  eden space 5632K, 0% used [0x00000000d5580000,0x00000000d5580000,0x00000000d5b00000)
  from space 1024K, 78% used [0x00000000d5c00000,0x00000000d5cca000,0x00000000d5d00000)
  to   space 1024K, 0% used [0x00000000d5b00000,0x00000000d5b00000,0x00000000d5c00000)
 ParOldGen       total 444416K, used 443932K [0x0000000080000000, 0x000000009b200000, 0x00000000d5580000)
  object space 444416K, 99% used [0x0000000080000000,0x000000009b1871a8,0x000000009b200000)
 Metaspace       used 72509K, committed 73984K, reserved 1179648K
  class space    used 7698K, committed 8384K, reserved 1048576K
}
Event: 42.050 GC heap before
{Heap before GC invocations=640 (full 3):
 PSYoungGen      total 6656K, used 6429K [0x00000000d5580000, 0x00000000d5d00000, 0x0000000100000000)
  eden space 5632K, 99% used [0x00000000d5580000,0x00000000d5afd638,0x00000000d5b00000)
  from space 1024K, 78% used [0x00000000d5c00000,0x00000000d5cca000,0x00000000d5d00000)
  to   space 1024K, 0% used [0x00000000d5b00000,0x00000000d5b00000,0x00000000d5c00000)
 ParOldGen       total 444416K, used 443932K [0x0000000080000000, 0x000000009b200000, 0x00000000d5580000)
  object space 444416K, 99% used [0x0000000080000000,0x000000009b1871a8,0x000000009b200000)
 Metaspace       used 72609K, committed 74112K, reserved 1179648K
  class space    used 7707K, committed 8384K, reserved 1048576K
}
Event: 42.054 GC heap after
{Heap after GC invocations=640 (full 3):
 PSYoungGen      total 6656K, used 1024K [0x00000000d5580000, 0x00000000d5e00000, 0x0000000100000000)
  eden space 5632K, 0% used [0x00000000d5580000,0x00000000d5580000,0x00000000d5b00000)
  from space 1024K, 100% used [0x00000000d5b00000,0x00000000d5c00000,0x00000000d5c00000)
  to   space 1536K, 0% used [0x00000000d5c80000,0x00000000d5c80000,0x00000000d5e00000)
 ParOldGen       total 444928K, used 444592K [0x0000000080000000, 0x000000009b280000, 0x00000000d5580000)
  object space 444928K, 99% used [0x0000000080000000,0x000000009b22c1a0,0x000000009b280000)
 Metaspace       used 72609K, committed 74112K, reserved 1179648K
  class space    used 7707K, committed 8384K, reserved 1048576K
}
Event: 42.083 GC heap before
{Heap before GC invocations=641 (full 3):
 PSYoungGen      total 6656K, used 6632K [0x00000000d5580000, 0x00000000d5e00000, 0x0000000100000000)
  eden space 5632K, 99% used [0x00000000d5580000,0x00000000d5afa1d0,0x00000000d5b00000)
  from space 1024K, 100% used [0x00000000d5b00000,0x00000000d5c00000,0x00000000d5c00000)
  to   space 1536K, 0% used [0x00000000d5c80000,0x00000000d5c80000,0x00000000d5e00000)
 ParOldGen       total 444928K, used 444592K [0x0000000080000000, 0x000000009b280000, 0x00000000d5580000)
  object space 444928K, 99% used [0x0000000080000000,0x000000009b22c1a0,0x000000009b280000)
 Metaspace       used 72675K, committed 74176K, reserved 1179648K
  class space    used 7718K, committed 8384K, reserved 1048576K
}
Event: 42.085 GC heap after
{Heap after GC invocations=641 (full 3):
 PSYoungGen      total 4608K, used 1534K [0x00000000d5580000, 0x00000000d6300000, 0x0000000100000000)
  eden space 3072K, 0% used [0x00000000d5580000,0x00000000d5580000,0x00000000d5880000)
  from space 1536K, 99% used [0x00000000d5c80000,0x00000000d5dffa78,0x00000000d5e00000)
  to   space 4096K, 0% used [0x00000000d5880000,0x00000000d5880000,0x00000000d5c80000)
 ParOldGen       total 446464K, used 446316K [0x0000000080000000, 0x000000009b400000, 0x00000000d5580000)
  object space 446464K, 99% used [0x0000000080000000,0x000000009b3db228,0x000000009b400000)
 Metaspace       used 72675K, committed 74176K, reserved 1179648K
  class space    used 7718K, committed 8384K, reserved 1048576K
}
Event: 42.112 GC heap before
{Heap before GC invocations=642 (full 3):
 PSYoungGen      total 4608K, used 4441K [0x00000000d5580000, 0x00000000d6300000, 0x0000000100000000)
  eden space 3072K, 94% used [0x00000000d5580000,0x00000000d5856b60,0x00000000d5880000)
  from space 1536K, 99% used [0x00000000d5c80000,0x00000000d5dffa78,0x00000000d5e00000)
  to   space 4096K, 0% used [0x00000000d5880000,0x00000000d5880000,0x00000000d5c80000)
 ParOldGen       total 446464K, used 446316K [0x0000000080000000, 0x000000009b400000, 0x00000000d5580000)
  object space 446464K, 99% used [0x0000000080000000,0x000000009b3db228,0x000000009b400000)
 Metaspace       used 72694K, committed 74240K, reserved 1179648K
  class space    used 7718K, committed 8384K, reserved 1048576K
}
Event: 42.115 GC heap after
{Heap after GC invocations=642 (full 3):
 PSYoungGen      total 5632K, used 2096K [0x00000000d5580000, 0x00000000d5d80000, 0x0000000100000000)
  eden space 3072K, 0% used [0x00000000d5580000,0x00000000d5580000,0x00000000d5880000)
  from space 2560K, 81% used [0x00000000d5880000,0x00000000d5a8c030,0x00000000d5b00000)
  to   space 2560K, 0% used [0x00000000d5b00000,0x00000000d5b00000,0x00000000d5d80000)
 ParOldGen       total 447488K, used 447169K [0x0000000080000000, 0x000000009b500000, 0x00000000d5580000)
  object space 447488K, 99% used [0x0000000080000000,0x000000009b4b06b8,0x000000009b500000)
 Metaspace       used 72694K, committed 74240K, reserved 1179648K
  class space    used 7718K, committed 8384K, reserved 1048576K
}
Event: 42.132 GC heap before
{Heap before GC invocations=643 (full 3):
 PSYoungGen      total 5632K, used 5168K [0x00000000d5580000, 0x00000000d5d80000, 0x0000000100000000)
  eden space 3072K, 100% used [0x00000000d5580000,0x00000000d5880000,0x00000000d5880000)
  from space 2560K, 81% used [0x00000000d5880000,0x00000000d5a8c030,0x00000000d5b00000)
  to   space 2560K, 0% used [0x00000000d5b00000,0x00000000d5b00000,0x00000000d5d80000)
 ParOldGen       total 447488K, used 447169K [0x0000000080000000, 0x000000009b500000, 0x00000000d5580000)
  object space 447488K, 99% used [0x0000000080000000,0x000000009b4b06b8,0x000000009b500000)
 Metaspace       used 72713K, committed 74240K, reserved 1179648K
  class space    used 7719K, committed 8384K, reserved 1048576K
}
Event: 42.134 GC heap after
{Heap after GC invocations=643 (full 3):
 PSYoungGen      total 4096K, used 923K [0x00000000d5580000, 0x00000000d5c00000, 0x0000000100000000)
  eden space 3072K, 0% used [0x00000000d5580000,0x00000000d5580000,0x00000000d5880000)
  from space 1024K, 90% used [0x00000000d5b00000,0x00000000d5be6f48,0x00000000d5c00000)
  to   space 1536K, 0% used [0x00000000d5900000,0x00000000d5900000,0x00000000d5a80000)
 ParOldGen       total 448000K, used 447621K [0x0000000080000000, 0x000000009b580000, 0x00000000d5580000)
  object space 448000K, 99% used [0x0000000080000000,0x000000009b521508,0x000000009b580000)
 Metaspace       used 72713K, committed 74240K, reserved 1179648K
  class space    used 7719K, committed 8384K, reserved 1048576K
}
Event: 42.174 GC heap before
{Heap before GC invocations=644 (full 3):
 PSYoungGen      total 4096K, used 3995K [0x00000000d5580000, 0x00000000d5c00000, 0x0000000100000000)
  eden space 3072K, 99% used [0x00000000d5580000,0x00000000d587fff8,0x00000000d5880000)
  from space 1024K, 90% used [0x00000000d5b00000,0x00000000d5be6f48,0x00000000d5c00000)
  to   space 1536K, 0% used [0x00000000d5900000,0x00000000d5900000,0x00000000d5a80000)
 ParOldGen       total 448000K, used 447621K [0x0000000080000000, 0x000000009b580000, 0x00000000d5580000)
  object space 448000K, 99% used [0x0000000080000000,0x000000009b521508,0x000000009b580000)
 Metaspace       used 72752K, committed 74240K, reserved 1179648K
  class space    used 7722K, committed 8384K, reserved 1048576K
}
Event: 42.179 GC heap after
{Heap after GC invocations=644 (full 3):
 PSYoungGen      total 4608K, used 755K [0x00000000d5580000, 0x00000000d5b80000, 0x0000000100000000)
  eden space 3072K, 0% used [0x00000000d5580000,0x00000000d5580000,0x00000000d5880000)
  from space 1536K, 49% used [0x00000000d5900000,0x00000000d59bcfd0,0x00000000d5a80000)
  to   space 1024K, 0% used [0x00000000d5a80000,0x00000000d5a80000,0x00000000d5b80000)
 ParOldGen       total 448512K, used 448437K [0x0000000080000000, 0x000000009b600000, 0x00000000d5580000)
  object space 448512K, 99% used [0x0000000080000000,0x000000009b5ed448,0x000000009b600000)
 Metaspace       used 72752K, committed 74240K, reserved 1179648K
  class space    used 7722K, committed 8384K, reserved 1048576K
}
Event: 42.204 GC heap before
{Heap before GC invocations=645 (full 3):
 PSYoungGen      total 4608K, used 3827K [0x00000000d5580000, 0x00000000d5b80000, 0x0000000100000000)
  eden space 3072K, 100% used [0x00000000d5580000,0x00000000d5880000,0x00000000d5880000)
  from space 1536K, 49% used [0x00000000d5900000,0x00000000d59bcfd0,0x00000000d5a80000)
  to   space 1024K, 0% used [0x00000000d5a80000,0x00000000d5a80000,0x00000000d5b80000)
 ParOldGen       total 448512K, used 448437K [0x0000000080000000, 0x000000009b600000, 0x00000000d5580000)
  object space 448512K, 99% used [0x0000000080000000,0x000000009b5ed448,0x000000009b600000)
 Metaspace       used 72805K, committed 74304K, reserved 1179648K
  class space    used 7731K, committed 8384K, reserved 1048576K
}
Event: 42.207 GC heap after
{Heap after GC invocations=645 (full 3):
 PSYoungGen      total 4096K, used 584K [0x00000000d5580000, 0x00000000d5b80000, 0x0000000100000000)
  eden space 3072K, 0% used [0x00000000d5580000,0x00000000d5580000,0x00000000d5880000)
  from space 1024K, 57% used [0x00000000d5a80000,0x00000000d5b12000,0x00000000d5b80000)
  to   space 1024K, 0% used [0x00000000d5980000,0x00000000d5980000,0x00000000d5a80000)
 ParOldGen       total 449536K, used 449086K [0x0000000080000000, 0x000000009b700000, 0x00000000d5580000)
  object space 449536K, 99% used [0x0000000080000000,0x000000009b68f968,0x000000009b700000)
 Metaspace       used 72805K, committed 74304K, reserved 1179648K
  class space    used 7731K, committed 8384K, reserved 1048576K
}
Event: 42.229 GC heap before
{Heap before GC invocations=646 (full 3):
 PSYoungGen      total 4096K, used 3656K [0x00000000d5580000, 0x00000000d5b80000, 0x0000000100000000)
  eden space 3072K, 100% used [0x00000000d5580000,0x00000000d5880000,0x00000000d5880000)
  from space 1024K, 57% used [0x00000000d5a80000,0x00000000d5b12000,0x00000000d5b80000)
  to   space 1024K, 0% used [0x00000000d5980000,0x00000000d5980000,0x00000000d5a80000)
 ParOldGen       total 449536K, used 449086K [0x0000000080000000, 0x000000009b700000, 0x00000000d5580000)
  object space 449536K, 99% used [0x0000000080000000,0x000000009b68f968,0x000000009b700000)
 Metaspace       used 72865K, committed 74368K, reserved 1179648K
  class space    used 7738K, committed 8384K, reserved 1048576K
}
Event: 42.232 GC heap after
{Heap after GC invocations=646 (full 3):
 PSYoungGen      total 4096K, used 403K [0x00000000d5580000, 0x00000000d5b00000, 0x0000000100000000)
  eden space 3072K, 0% used [0x00000000d5580000,0x00000000d5580000,0x00000000d5880000)
  from space 1024K, 39% used [0x00000000d5980000,0x00000000d59e4fd0,0x00000000d5a80000)
  to   space 512K, 0% used [0x00000000d5a80000,0x00000000d5a80000,0x00000000d5b00000)
 ParOldGen       total 450048K, used 449558K [0x0000000080000000, 0x000000009b780000, 0x00000000d5580000)
  object space 450048K, 99% used [0x0000000080000000,0x000000009b705be0,0x000000009b780000)
 Metaspace       used 72865K, committed 74368K, reserved 1179648K
  class space    used 7738K, committed 8384K, reserved 1048576K
}
Event: 42.313 GC heap before
{Heap before GC invocations=647 (full 3):
 PSYoungGen      total 4096K, used 3396K [0x00000000d5580000, 0x00000000d5b00000, 0x0000000100000000)
  eden space 3072K, 97% used [0x00000000d5580000,0x00000000d586c2c8,0x00000000d5880000)
  from space 1024K, 39% used [0x00000000d5980000,0x00000000d59e4fd0,0x00000000d5a80000)
  to   space 512K, 0% used [0x00000000d5a80000,0x00000000d5a80000,0x00000000d5b00000)
 ParOldGen       total 450048K, used 449558K [0x0000000080000000, 0x000000009b780000, 0x00000000d5580000)
  object space 450048K, 99% used [0x0000000080000000,0x000000009b705be0,0x000000009b780000)
 Metaspace       used 73083K, committed 74560K, reserved 1179648K
  class space    used 7772K, committed 8448K, reserved 1048576K
}
Event: 42.317 GC heap after
{Heap after GC invocations=647 (full 3):
 PSYoungGen      total 3584K, used 507K [0x00000000d5580000, 0x00000000d5b80000, 0x0000000100000000)
  eden space 3072K, 0% used [0x00000000d5580000,0x00000000d5580000,0x00000000d5880000)
  from space 512K, 99% used [0x00000000d5a80000,0x00000000d5afef48,0x00000000d5b00000)
  to   space 1536K, 0% used [0x00000000d5880000,0x00000000d5880000,0x00000000d5a00000)
 ParOldGen       total 450560K, used 450336K [0x0000000080000000, 0x000000009b800000, 0x00000000d5580000)
  object space 450560K, 99% used [0x0000000080000000,0x000000009b7c8018,0x000000009b800000)
 Metaspace       used 73083K, committed 74560K, reserved 1179648K
  class space    used 7772K, committed 8448K, reserved 1048576K
}
Event: 42.484 GC heap before
{Heap before GC invocations=648 (full 3):
 PSYoungGen      total 3584K, used 3579K [0x00000000d5580000, 0x00000000d5b80000, 0x0000000100000000)
  eden space 3072K, 100% used [0x00000000d5580000,0x00000000d5880000,0x00000000d5880000)
  from space 512K, 99% used [0x00000000d5a80000,0x00000000d5afef48,0x00000000d5b00000)
  to   space 1536K, 0% used [0x00000000d5880000,0x00000000d5880000,0x00000000d5a00000)
 ParOldGen       total 450560K, used 450336K [0x0000000080000000, 0x000000009b800000, 0x00000000d5580000)
  object space 450560K, 99% used [0x0000000080000000,0x000000009b7c8018,0x000000009b800000)
 Metaspace       used 73260K, committed 74752K, reserved 1179648K
  class space    used 7794K, committed 8448K, reserved 1048576K
}
Event: 42.487 GC heap after
{Heap after GC invocations=648 (full 3):
 PSYoungGen      total 4608K, used 1488K [0x00000000d5580000, 0x00000000d5c80000, 0x0000000100000000)
  eden space 3072K, 0% used [0x00000000d5580000,0x00000000d5580000,0x00000000d5880000)
  from space 1536K, 96% used [0x00000000d5880000,0x00000000d59f4000,0x00000000d5a00000)
  to   space 2048K, 0% used [0x00000000d5a80000,0x00000000d5a80000,0x00000000d5c80000)
 ParOldGen       total 451584K, used 451438K [0x0000000080000000, 0x000000009b900000, 0x00000000d5580000)
  object space 451584K, 99% used [0x0000000080000000,0x000000009b8dba00,0x000000009b900000)
 Metaspace       used 73260K, committed 74752K, reserved 1179648K
  class space    used 7794K, committed 8448K, reserved 1048576K
}

